<?xml version="1.0" encoding="utf-8"?><testsuites name="pytest tests"><testsuite name="pytest" errors="0" failures="0" skipped="0" tests="9" time="2.068" timestamp="2026-09-03T16:23:05.991828+00:00" hostname="agent-env-f8c31921-18e5-4b7b-9053-9db3959636e4"><testcase classname="backend.tests.test_ciber_modo1" name="test_herramientas_list_four_with_modo1_available" time="0.320" /><testcase classname="backend.tests.test_ciber_modo1" name="test_dominios_six_companies_no_palenque" time="0.190" /><testcase classname="backend.tests.test_ciber_modo1" name="test_config_hotel_ok" time="0.168" /><testcase classname="backend.tests.test_ciber_modo1" name="test_config_invalid_domain_404" time="0.149" /><testcase classname="backend.tests.test_ciber_modo1" name="test_analizar_embudo_demo_hotel" time="0.195" /><testcase classname="backend.tests.test_ciber_modo1" name="test_analizar_api_webhook_splunk_payload" time="0.161" /><testcase classname="backend.tests.test_ciber_modo1" name="test_analizar_invalid_domain_400[dom_fermentacion_lotes_v1]" time="0.142" /><testcase classname="backend.tests.test_ciber_modo1" name="test_analizar_invalid_domain_400[dom_x]" time="0.125" /><testcase classname="backend.tests.test_ciber_modo1" name="test_historial_hotel_after_analisis" time="0.417" /></testsuite></testsuites>