<?xml version="1.0" encoding="utf-8"?><testsuites name="pytest tests"><testsuite name="pytest" errors="0" failures="0" skipped="0" tests="13" time="4.223" timestamp="2026-09-03T16:38:23.281208+00:00" hostname="agent-env-f8c31921-18e5-4b7b-9053-9db3959636e4"><testcase classname="backend.tests.test_ciber_v2" name="test_herramientas_all_four_available" time="0.362" /><testcase classname="backend.tests.test_ciber_v2.TestModo2" name="test_analizar_hotel_embudo" time="0.181" /><testcase classname="backend.tests.test_ciber_v2.TestModo2" name="test_analizar_invalid_domain_400" time="0.215" /><testcase classname="backend.tests.test_ciber_v2.TestModo2" name="test_flow_confirmar_override" time="0.706" /><testcase classname="backend.tests.test_ciber_v2.TestAdmin" name="test_analizar_clinica" time="0.156" /><testcase classname="backend.tests.test_ciber_v2.TestAdmin" name="test_forense_clinica" time="0.294" /><testcase classname="backend.tests.test_ciber_v2.TestMovimiento" name="test_analizar_fabrica" time="0.242" /><testcase classname="backend.tests.test_ciber_v2.TestMovimiento" name="test_forense_fabrica" time="0.317" /><testcase classname="backend.tests.test_ciber_v2.TestMovimiento" name="test_resolver_same_admin_400" time="0.187" /><testcase classname="backend.tests.test_ciber_v2.TestMovimiento" name="test_resolver_nonexistent_record_400" time="0.150" /><testcase classname="backend.tests.test_ciber_v2.TestIngesta" name="test_webhook_and_buffer_and_consume_and_clear" time="0.937" /><testcase classname="backend.tests.test_ciber_v2.TestIngesta" name="test_webhook_invalid_domain_400" time="0.154" /><testcase classname="backend.tests.test_ciber_v2.TestIngesta" name="test_poll_unreachable_502" time="0.241" /></testsuite></testsuites>