<?xml version="1.0" encoding="utf-8"?><testsuites name="pytest tests"><testsuite name="pytest" errors="0" failures="0" skipped="0" tests="12" time="1.902" timestamp="2026-09-09T13:04:56.299470+00:00" hostname="agent-env-9a25a165-eed9-4d64-bd3a-1d5953823c9e"><testcase classname="backend.tests.test_cucurucho_embudo" name="test_ejecutar_dominio_sin_archivos_agora_demo[dom_hotel_v1]" time="0.232" /><testcase classname="backend.tests.test_cucurucho_embudo" name="test_ejecutar_dominio_sin_archivos_agora_demo[dom_restaurante_v1]" time="0.148" /><testcase classname="backend.tests.test_cucurucho_embudo" name="test_ejecutar_dominio_sin_archivos_agora_demo[dom_retail_v1]" time="0.144" /><testcase classname="backend.tests.test_cucurucho_embudo" name="test_ejecutar_dominio_sin_archivos_agora_demo[dom_fabrica_v1]" time="0.149" /><testcase classname="backend.tests.test_cucurucho_embudo" name="test_ejecutar_dominio_sin_archivos_agora_demo[dom_logistica_v1]" time="0.131" /><testcase classname="backend.tests.test_cucurucho_embudo" name="test_ejecutar_dominio_sin_archivos_agora_demo[dom_clinica_v1]" time="0.135" /><testcase classname="backend.tests.test_cucurucho_embudo" name="test_hotel_con_archivos_reales_agora_aplicada" time="0.152" /><testcase classname="backend.tests.test_cucurucho_embudo" name="test_historial_agora_hotel" time="0.129" /><testcase classname="backend.tests.test_cucurucho_embudo" name="test_agora_dominios_lista" time="0.150" /><testcase classname="backend.tests.test_cucurucho_embudo" name="test_agora_dominio_hotel" time="0.122" /><testcase classname="backend.tests.test_cucurucho_embudo" name="test_agora_triangular_manual" time="0.208" /><testcase classname="backend.tests.test_cucurucho_embudo" name="test_flujo_cliente_mezcal" time="0.132" /></testsuite></testsuites>