<?xml version="1.0" encoding="utf-8"?><testsuites name="pytest tests"><testsuite name="pytest" errors="0" failures="0" skipped="0" tests="7" time="3.138" timestamp="2026-09-09T12:33:06.565987+00:00" hostname="agent-env-9a25a165-eed9-4d64-bd3a-1d5953823c9e"><testcase classname="tests.test_bimestral_ajuste" name="test_estado_ajuste_bimestral_hotel_base" time="0.302" /><testcase classname="tests.test_bimestral_ajuste" name="test_ejecutar_ajuste_con_entrenamiento_real" time="1.519" /><testcase classname="tests.test_bimestral_ajuste" name="test_bundle_activo_valido_tras_reemplazo" time="0.759" /><testcase classname="tests.test_bimestral_ajuste" name="test_historial_ajuste_incluye_run" time="0.247" /><testcase classname="tests.test_bimestral_ajuste" name="test_ejecutar_ajuste_sin_datos_no_rompe" time="0.169" /><testcase classname="tests.test_bimestral_ajuste" name="test_scheduler_periodo_actual_y_proximo" time="0.015" /><testcase classname="tests.test_bimestral_ajuste" name="test_scheduler_tick_es_idempotente" time="0.005" /></testsuite></testsuites>