<?xml version="1.0" encoding="utf-8"?><testsuites name="pytest tests"><testsuite name="pytest" errors="0" failures="0" skipped="0" tests="21" time="3.936" timestamp="2026-09-04T22:17:40.029095+00:00" hostname="agent-env-f8c31921-18e5-4b7b-9053-9db3959636e4"><testcase classname="backend.tests.test_agora" name="test_listar_dominios" time="0.272" /><testcase classname="backend.tests.test_agora" name="test_info_hotel" time="0.073" /><testcase classname="backend.tests.test_agora" name="test_info_dominio_inexistente" time="0.074" /><testcase classname="backend.tests.test_agora" name="test_triangular_hotel_demo" time="0.074" /><testcase classname="backend.tests.test_agora" name="test_triangular_gobierno_demo" time="0.075" /><testcase classname="backend.tests.test_agora" name="test_triangular_fabrica_demo" time="0.074" /><testcase classname="backend.tests.test_agora" name="test_triangular_hotel_entradas_custom" time="0.072" /><testcase classname="backend.tests.test_agora" name="test_triangular_hotel_entradas_incompletas" time="0.070" /><testcase classname="backend.tests.test_agora" name="test_formula_disonancia_vs_fisico_reportado_excede" time="0.072" /><testcase classname="backend.tests.test_agora" name="test_formula_coherencia_stock" time="0.316" /><testcase classname="backend.tests.test_agora" name="test_formula_saturacion_fabrica" time="0.430" /><testcase classname="backend.tests.test_agora" name="test_gobierno_nomina_sec_obs_ok" time="0.075" /><testcase classname="backend.tests.test_agora" name="test_umbral_default_get" time="0.151" /><testcase classname="backend.tests.test_agora" name="test_umbral_put_persiste" time="0.334" /><testcase classname="backend.tests.test_agora" name="test_triangular_hotel_alertas" time="0.384" /><testcase classname="backend.tests.test_agora" name="test_triangular_umbral_override_no_persiste" time="0.216" /><testcase classname="backend.tests.test_agora" name="test_webhook_buffer_merge_y_vaciar" time="0.538" /><testcase classname="backend.tests.test_agora" name="test_triangular_ingesta_live" time="0.303" /><testcase classname="backend.tests.test_agora" name="test_ingesta_archivo_json" time="0.074" /><testcase classname="backend.tests.test_agora" name="test_ingesta_archivo_csv" time="0.084" /><testcase classname="backend.tests.test_agora" name="test_ingesta_archivo_vacio_400" time="0.077" /></testsuite></testsuites>