<?xml version="1.0" encoding="utf-8"?><testsuites name="pytest tests"><testsuite name="pytest" errors="0" failures="0" skipped="0" tests="12" time="1.628" timestamp="2026-09-04T22:07:06.747766+00:00" hostname="agent-env-f8c31921-18e5-4b7b-9053-9db3959636e4"><testcase classname="tests.test_agora" name="test_listar_dominios" time="0.229" /><testcase classname="tests.test_agora" name="test_info_hotel" time="0.071" /><testcase classname="tests.test_agora" name="test_info_dominio_inexistente" time="0.056" /><testcase classname="tests.test_agora" name="test_triangular_hotel_demo" time="0.070" /><testcase classname="tests.test_agora" name="test_triangular_gobierno_demo" time="0.058" /><testcase classname="tests.test_agora" name="test_triangular_fabrica_demo" time="0.079" /><testcase classname="tests.test_agora" name="test_triangular_hotel_entradas_custom" time="0.048" /><testcase classname="tests.test_agora" name="test_triangular_hotel_entradas_incompletas" time="0.066" /><testcase classname="tests.test_agora" name="test_formula_disonancia_vs_fisico_reportado_excede" time="0.059" /><testcase classname="tests.test_agora" name="test_formula_coherencia_stock" time="0.516" /><testcase classname="tests.test_agora" name="test_formula_saturacion_fabrica" time="0.181" /><testcase classname="tests.test_agora" name="test_gobierno_nomina_sec_obs_ok" time="0.066" /></testsuite></testsuites>